<?xml version="1.0" encoding="UTF-8"?>
<testsuite name="Test" tests="1" skipped="0" failures="0" errors="0" timestamp="2020-10-02T19:12:34" hostname="MYLAPTOP" time="0.055">
  <properties/>
  <testcase name="testSolution" classname="Test" time="0.055"/>
  <system-out><![CDATA[]]></system-out>
  <system-err><![CDATA[]]></system-err>
</testsuite>
